<testsuite name="Mocha Tests" tests="3" failures="1" errors="1" skipped="0" timestamp="Wed, 13 Mar 2019 11:56:09 GMT" time="109.117">
<testcase classname="IDentify App Sanity Test:" name="Go to the website" time="13.813"/>
<testcase classname="IDentify App Sanity Test:" name="Going to Premier League" time="38.767"/>
<testcase classname="IDentify App Sanity Test:" name="looking for Chelsea at the first position ?" time="1.458"><failure>expected element #widgetLite-6 &#x3E; div.standing-table.standing-table--promo &#x3E; table &#x3E; tbody &#x3E; tr:nth-child(1) to include &#x22;Chelsea&#x22;
expected element #widgetLite-6 &#x3E; div.standing-table.standing-table--promo &#x3E; table &#x3E; tbody &#x3E; tr:nth-child(1) to include &#x22;Chelsea&#x22;

Scenario Steps:

- I.see(&#x22;Chelsea&#x22;, &#x22;#widgetLite-6 &#x3E; div.standing-table.standing-table--promo &#x3E; table &#x3E; tbody &#x3E; tr:nth-child(1)&#x22;) at Test.I (_test.js:27:5)
- I.moveCursorTo(&#x22;#widgetLite-6 &#x3E; div.standing-table.standing-table--promo &#x3E; table &#x3E; tbody &#x3E; tr:nth-child(1)&#x22;) at Test.I (_test.js:25:5)

</failure></testcase>
</testsuite>
